2018-03-23 11:02:26 0.39 0.25 0.20 1026991.00 38.00  normal
2018-03-23 11:02:28 0.36 0.25 0.20 1027293.50 38.00  normal
2018-03-23 11:02:29 0.36 0.25 0.20 1022482.58 38.00  normal
2018-03-23 11:02:31 0.36 0.25 0.20 1027893.00 38.00  normal
2018-03-23 11:02:32 0.36 0.25 0.20 1018015.34 38.00  normal
2018-03-23 11:02:34 0.33 0.24 0.19 1033663.81 38.00  normal
2018-03-23 11:02:35 0.33 0.24 0.19 1023680.09 38.00  normal
2018-03-23 11:02:37 0.33 0.24 0.19 1018909.40 38.00  normal
2018-03-23 11:02:38 0.30 0.24 0.19 1024279.60 37.00  normal
2018-03-23 11:02:40 0.30 0.24 0.19 1029702.00 38.00  normal
2018-03-23 11:02:41 0.30 0.24 0.19 1024880.09 38.00  normal
2018-03-23 11:02:43 0.28 0.23 0.19 1025181.09 38.00  normal
2018-03-23 11:03:33 0.66 0.32 0.22 1034900.49 38.00  normal
2018-03-23 11:03:35 0.66 0.32 0.22 1050877.77 38.00  normal
2018-03-23 11:03:36 0.66 0.32 0.22 1051171.21 38.00  normal
2018-03-23 11:03:38 0.60 0.32 0.22 1062169.89 39.00  normal
2018-03-23 11:03:39 0.60 0.32 0.22 1041203.50 39.00  normal
2018-03-23 11:03:41 0.60 0.32 0.22 1046718.59 38.00  normal
2018-03-23 11:03:42 0.60 0.32 0.22 1047018.59 38.00  normal
2018-03-23 11:03:44 0.55 0.31 0.22 1063345.40 38.00  normal
2018-03-23 11:03:45 0.55 0.31 0.22 1047614.57 38.00  normal
2018-03-23 11:03:47 0.55 0.31 0.22 1022209.80 38.00  normal
2018-03-23 11:03:48 0.51 0.31 0.22 1053478.78 38.00  normal
2018-03-23 11:03:50 0.51 0.31 0.22 1048483.91 38.00  normal
